[2025-05-20 15-49-18 [INFO]] Server has started
[2025-05-25 16-19-38 [INFO]] Server has started
[2025-05-25 18.49.23 [INFO]] Server has started
[2025-05-26 16.33.41 [INFO]] Server has started
[2025-05-26 17.21.30 [INFO]] Server has started
[2025-05-26 17.21.54 [INFO]] Server has shut down
[2025-05-26 17.22.33 [INFO]] Server has started
[2025-05-26 17.22.34 [INFO]] Server has shut down
[2025-05-26 17.25.42 [INFO]] Server has started
[2025-05-26 17.25.43 [INFO]] Server has shut down
[2025-05-26 17.30.49 [INFO]] Server has started
[2025-05-30 15:32:10 [INFO]] Server has started
[2025-05-30 16:27:27 [INFO]] Server has started
[2025-05-30 16:35:48 [INFO]] Server has started
[2025-05-30 17:02:08 [INFO]] Server has started
[2025-05-30 17:02:09 [INFO]] Server has shut down
[2025-05-30 17:02:12 [INFO]] Server has started
[2025-05-30 17:02:13 [INFO]] Server has shut down
[2025-05-30 17:03:17 [INFO]] Server has started
[2025-05-30 17:17:57 [INFO]] Server has started
[2025-05-30 17:17:59 [INFO]] Server has shut down
[2025-05-30 17:18:24 [INFO]] Server has started
[2025-05-30 17:18:24 [INFO]] Server has shut down
[2025-05-30 17:19:07 [INFO]] Server has started
[2025-05-30 17:34:06 [INFO]] Server has started
[2025-05-30 17:34:09 [INFO]] Server has shut down
[2025-05-30 17:34:29 [INFO]] Server has started
[2025-05-30 17:34:31 [INFO]] Server has shut down
[2025-05-30 17:34:51 [INFO]] Server has started
[2025-05-30 17:34:52 [INFO]] Server has shut down
[2025-05-30 17:36:40 [INFO]] Server has started
[2025-05-30 17:47:27 [INFO]] Server has started
[2025-05-30 17:51:24 [INFO]] Server has started
[2025-05-30 17:59:20 [INFO]] Server has started
[2025-05-30 18:44:38 [INFO]] Server has started
[2025-05-30 18:44:40 [INFO]] Server has shut down
[2025-05-30 18:44:59 [INFO]] Server has started
[2025-05-31 14:56:43 [INFO]] Server has started
[2025-05-31 15:24:41 [INFO]] Server has started
[2025-05-31 16:06:36 [INFO]] Server has started
[2025-05-31 16:07:53 [INFO]] Server has started
[2025-05-31 16:12:58 [INFO]] Server has started
[2025-05-31 16:27:06 [INFO]] Server has started
[2025-05-31 16:31:45 [INFO]] Server has started
[2025-05-31 16:37:33 [INFO]] Server has started
[2025-05-31 16:37:46 [INFO]] Starting file transfer: hi.txt in netascii mode[2025-05-31 16:38:16 [ERROR]] Timeout waiting for DATA[2025-05-31 16:38:22 [ERROR]] Timeout waiting for DATA[2025-05-31 16:38:27 [ERROR]] Timeout waiting for DATA[2025-05-31 16:38:32 [ERROR]] Timeout waiting for DATA[2025-05-31 16:38:37 [ERROR]] Timeout waiting for DATA[2025-05-31 16:38:37 [INFO]] File transfer completed: hi.txt[2025-05-31 16:43:50 [INFO]] Server has started
[2025-05-31 16:44:08 [ERROR]] File already exists: hi.txt[2025-05-31 16:44:08 [INFO]] File deleted successfully: hi.txt[2025-06-02 20:00:46 [INFO]] Server has started
[2025-06-02 20:01:08 [ERROR]] Unknown opcode received: 3[2025-06-02 20:01:08 [INFO]] Starting file transfer: abc.txt in netascii mode[2025-06-02 20:01:21 [ERROR]] Timeout waiting for DATA[2025-06-02 20:01:26 [ERROR]] Timeout waiting for DATA[2025-06-02 20:01:32 [ERROR]] Timeout waiting for DATA[2025-06-02 20:01:37 [ERROR]] Timeout waiting for DATA[2025-06-02 20:01:42 [ERROR]] Timeout waiting for DATA[2025-06-02 20:01:42 [INFO]] File transfer completed: abc.txt[2025-06-02 20:21:23 [INFO]] Server has started
[2025-06-02 20:21:38 [INFO]] Starting file transfer: hi.txt in netascii mode[2025-06-02 20:21:49 [ERROR]] Timeout waiting for DATA[2025-06-02 20:21:54 [ERROR]] Timeout waiting for DATA[2025-06-02 20:21:59 [ERROR]] Timeout waiting for DATA[2025-06-02 20:22:04 [ERROR]] Timeout waiting for DATA[2025-06-02 20:22:09 [ERROR]] Timeout waiting for DATA[2025-06-02 20:22:09 [INFO]] File transfer completed: hi.txt[2025-06-02 20:29:29 [INFO]] Server has started
[2025-06-02 20:29:41 [INFO]] Starting file transfer: hi.txt in netascii mode[2025-06-02 20:29:41 [INFO]] File transfer completed: hi.txt[2025-06-02 20:33:53 [INFO]] Processing read request: hi.txt in netascii mode[2025-06-02 20:33:53 [INFO]] File transfer completed: hi.txt[2025-06-02 20:38:25 [ERROR]] File already exists: hi.txt[2025-06-02 20:38:25 [INFO]] File deleted successfully: hi.txt[2025-06-02 20:39:15 [INFO]] Starting file transfer: hi.txt in netascii mode[2025-06-02 20:39:15 [INFO]] File transfer completed: hi.txt[2025-06-02 20:39:15 [ERROR]] Unknown opcode received: 3[2025-06-02 20:39:43 [ERROR]] File already exists: hi.txt[2025-06-02 20:45:56 [INFO]] Server has started
[2025-06-02 20:46:19 [INFO]] Starting file transfer: xd.txt in netascii mode[2025-06-02 20:46:19 [INFO]] File transfer completed: xd.txt[2025-06-02 20:46:28 [ERROR]] File already exists: xd.txt[2025-06-02 20:46:28 [INFO]] File deleted successfully: xd.txt[2025-06-02 20:48:12 [ERROR]] File already exists: hi.txt[2025-06-02 20:48:12 [INFO]] File deleted successfully: hi.txt[2025-06-02 20:49:04 [INFO]] Server has started
[2025-06-02 20:49:36 [INFO]] Starting file transfer: hi.txt in netascii mode[2025-06-02 20:49:36 [INFO]] File transfer completed: hi.txt[2025-06-02 20:49:51 [INFO]] File deleted successfully: hi.txt[2025-06-03 16:01:40 [INFO]] Server has started
[2025-06-03 16:01:45 [ERROR]] Failed to create file: tftp_client/
[2025-06-03 19:02:59 [INFO]] Server has started
[2025-06-03 19:03:07 [ERROR]] Failed to create file: tftp_client/
[2025-06-03 19:21:36 [INFO]] Server has started
[2025-06-03 19:21:43 [ERROR]] Failed to create file: tftp_client/
[2025-06-03 19:21:45 [ERROR]] Failed to create file: tftp_client/
[2025-06-03 19:21:45 [ERROR]] Failed to create file: tftp_client/
[2025-06-03 19:21:46 [ERROR]] Failed to create file: tftp_client/
[2025-06-03 19:21:46 [ERROR]] Failed to create file: tftp_client/
[2025-06-03 19:21:48 [ERROR]] Failed to create file: tftp_client/
[2025-06-03 19:21:48 [ERROR]] Failed to create file: tftp_client/
[2025-06-03 19:21:49 [ERROR]] Failed to create file: tftp_client/
[2025-06-03 19:32:53 [ERROR]] Failed to create file: tftp_client/
[2025-06-03 19:32:53 [ERROR]] Failed to create file: tftp_client/
[2025-06-03 19:32:54 [ERROR]] Failed to create file: tftp_client/
[2025-06-03 19:32:54 [ERROR]] Failed to create file: tftp_client/
[2025-06-03 19:32:54 [ERROR]] Failed to create file: tftp_client/
[2025-06-03 19:32:54 [ERROR]] Failed to create file: tftp_client/
[2025-06-03 19:32:55 [ERROR]] Failed to create file: tftp_client/
[2025-06-03 19:32:56 [ERROR]] Failed to create file: tftp_client/
[2025-06-03 19:33:09 [ERROR]] Failed to create file: 
[2025-06-03 19:34:30 [ERROR]] Failed to create file: 
[2025-06-03 19:34:36 [ERROR]] Failed to create file: 
[2025-06-03 19:35:01 [ERROR]] Failed to create file: tftp_client/
[2025-06-03 19:35:02 [ERROR]] Failed to create file: tftp_client/
[2025-06-03 19:39:55 [INFO]] Processing read request: @ in netascii mode
[2025-06-03 19:39:55 [INFO]] File transfer completed: @[2025-06-03 19:39:56 [INFO]] Processing read request: @ in netascii mode
[2025-06-03 19:39:56 [INFO]] File transfer completed: @[2025-06-03 19:39:59 [INFO]] Processing read request: @ in netascii mode
[2025-06-03 19:39:59 [INFO]] File transfer completed: @[2025-06-03 19:40:06 [INFO]] Processing read request: @ in netascii mode
[2025-06-03 19:40:06 [INFO]] File transfer completed: @[2025-06-03 19:40:25 [INFO]] Starting file transfer: hi.txt in netascii mode
[2025-06-03 19:40:25 [INFO]] File transfer completed: hi.txt
[2025-06-03 20:07:12 [INFO]] Server has started
[2025-06-03 20:07:26 [INFO]] Processing read request: hi.txt in netascii mode
[2025-06-03 20:07:26 [INFO]] File transfer completed: hi.txt[2025-06-03 20:07:48 [ERROR]] File already exists: hi.txt[2025-06-03 20:11:27 [INFO]] Server has started
[2025-06-03 20:11:45 [ERROR]] File already exists: hi.txt[2025-06-03 20:13:07 [INFO]] Server has started
[2025-06-03 20:13:17 [INFO]] Starting file transfer: hi.txt in netascii mode
[2025-06-03 20:13:17 [INFO]] File transfer completed: hi.txt
[2025-06-03 20:17:49 [INFO]] Server has started
[2025-06-03 20:18:07 [INFO]] Starting file transfer: hi.txt in netascii mode
[2025-06-03 20:18:07 [INFO]] File transfer completed: hi.txt
[2025-06-03 20:18:16 [INFO]] Processing read request: hi.txt in netascii mode
[2025-06-03 20:18:16 [INFO]] File transfer completed: hi.txt[2025-06-03 20:18:35 [INFO]] Processing read request: hi.txt in netascii mode
[2025-06-03 20:18:35 [INFO]] File transfer completed: hi.txt[2025-06-03 20:20:33 [INFO]] Starting file transfer: bye in netascii mode
[2025-06-03 20:20:33 [INFO]] File transfer completed: bye
[2025-06-03 20:20:41 [INFO]] Processing read request: bye in netascii mode
[2025-06-03 20:20:41 [INFO]] File transfer completed: bye[2025-06-03 20:30:46 [INFO]] Processing read request: bye in netascii mode
[2025-06-03 20:30:46 [INFO]] File transfer completed: bye[2025-06-03 20:30:57 [INFO]] Processing read request: bye in netascii mode
[2025-06-03 20:30:57 [INFO]] File transfer completed: bye[2025-06-03 20:37:38 [INFO]] Server has started
[2025-06-03 20:37:49 [INFO]] Starting file transfer: hi.txt in netascii mode
[2025-06-03 20:37:49 [INFO]] File transfer completed: hi.txt
[2025-06-03 20:37:55 [INFO]] Processing read request: hi.txt in netascii mode
[2025-06-03 20:37:55 [INFO]] File transfer completed: hi.txt[2025-06-03 20:38:16 [INFO]] Starting file transfer: hi.txt in netascii mode
[2025-06-03 20:38:16 [INFO]] File transfer completed: hi.txt
[2025-06-03 20:38:23 [INFO]] Processing read request: hi.txt in netascii mode
[2025-06-03 20:38:23 [INFO]] File transfer completed: hi.txt[2025-06-03 20:43:32 [INFO]] Server has started
[2025-06-03 20:43:50 [INFO]] Processing read request: hi.txt in netascii mode
[2025-06-03 20:43:50 [INFO]] File transfer completed: hi.txt[2025-06-03 20:46:01 [INFO]] Processing read request: stm32-dma.pdf in netascii mode
[2025-06-03 20:46:01 [INFO]] File transfer completed: stm32-dma.pdf[2025-06-03 20:54:22 [INFO]] Starting file transfer: hi in netascii mode
[2025-06-03 20:54:27 [ERROR]] Timeout waiting for DATA
[2025-06-03 20:54:32 [ERROR]] Timeout waiting for DATA
[2025-06-03 20:54:34 [ERROR]] Unexpected packet opcode
[2025-06-03 20:54:34 [INFO]] File transfer completed: hi
[2025-06-03 20:54:50 [INFO]] Processing read request: hi in netascii mode
[2025-06-03 20:54:50 [INFO]] File transfer completed: hi[2025-06-03 21:09:04 [INFO]] Server has started
[2025-06-03 21:09:20 [INFO]] Starting file transfer: hi.txt in netascii mode
[2025-06-03 21:09:20 [INFO]] File transfer completed: hi.txt
[2025-06-03 21:09:25 [INFO]] Processing read request: hi.txt in netascii mode
[2025-06-03 21:09:25 [INFO]] File transfer completed: hi.txt[2025-06-03 21:09:48 [ERROR]] File already exists: hi.txt[2025-06-03 21:10:42 [INFO]] Server has started
[2025-06-03 21:10:50 [INFO]] Starting file transfer: hi.txt in netascii mode
[2025-06-03 21:10:50 [INFO]] File transfer completed: hi.txt
[2025-06-03 21:11:09 [INFO]] Processing read request: hi.txt in netascii mode
[2025-06-03 21:11:09 [INFO]] File transfer completed: hi.txt[2025-06-03 21:27:40 [INFO]] Server has started
[2025-06-03 21:27:52 [INFO]] Processing read request: hi in netascii mode
[2025-06-03 21:27:52 [INFO]] File transfer completed: hi[2025-06-03 21:28:53 [INFO]] Server has started
[2025-06-03 21:29:03 [INFO]] Starting file transfer: hi.txt in netascii mode
[2025-06-03 21:29:03 [INFO]] File transfer completed: hi.txt
[2025-06-03 21:29:07 [INFO]] Processing read request: hi.txt in netascii mode
[2025-06-03 21:29:07 [INFO]] File transfer completed: hi.txt[2025-06-03 21:35:56 [INFO]] Server has started
[2025-06-03 21:36:11 [ERROR]] File already exists: hi.txt[2025-06-03 21:43:01 [INFO]] Server has started
[2025-06-03 21:43:12 [INFO]] Starting file transfer: hihi.txt in netascii mode
[2025-06-03 21:43:12 [INFO]] File transfer completed: hihi.txt
[2025-06-03 21:43:38 [INFO]] File deleted successfully: hihi.txt[2025-06-03 21:44:03 [INFO]] Starting file transfer: hi.txt in netascii mode
[2025-06-03 21:44:03 [INFO]] File transfer completed: hi.txt
[2025-06-03 21:44:10 [INFO]] Processing read request: hi.txt in netascii mode
[2025-06-03 21:44:10 [INFO]] File transfer completed: hi.txt[2025-06-03 21:49:05 [INFO]] Server has started
[2025-06-03 21:49:15 [INFO]] File deleted successfully: hi.txt[2025-06-03 21:49:28 [INFO]] Starting file transfer: hi.txt in netascii mode
[2025-06-03 21:49:28 [INFO]] File transfer completed: hi.txt
[2025-06-03 21:49:32 [INFO]] Processing read request: hi.txt in netascii mode
[2025-06-03 21:49:32 [INFO]] File transfer completed: hi.txt[2025-06-03 23:25:19 [INFO]] Server has started
[2025-06-03 23:25:35 [ERROR]] File already exists: hi.txt[2025-06-03 23:32:12 [INFO]] Server has started
[2025-06-03 23:32:21 [INFO]] Processing read request: hi.txt in netascii mode
[2025-06-03 23:32:21 [INFO]] File closed: hi.txt[2025-06-03 23:34:19 [INFO]] Processing read request: hi.txt in netascii mode
[2025-06-03 23:34:19 [INFO]] File closed: hi.txt[2025-06-03 23:42:34 [INFO]] Server has started
[2025-06-03 23:42:47 [ERROR]] File already exists: hi.txt[2025-06-03 23:43:46 [ERROR]] File already exists: hihi.txt[2025-06-03 23:50:42 [INFO]] Server has started
[2025-06-03 23:50:57 [ERROR]] File already exists: hi.txt[2025-06-03 23:50:59 [ERROR]] File already exists: hi.txt[2025-06-03 23:51:01 [ERROR]] File already exists: hi.txt[2025-06-03 23:51:03 [ERROR]] File already exists: hi.txt[2025-06-03 23:51:05 [ERROR]] File already exists: hi.txt[2025-06-03 23:54:18 [INFO]] Server has started
[2025-06-03 23:54:42 [ERROR]] File already exists: hi.txt[2025-06-03 23:54:44 [ERROR]] File already exists: hi.txt[2025-06-03 23:54:46 [ERROR]] File already exists: hi.txt[2025-06-03 23:54:48 [ERROR]] File already exists: hi.txt[2025-06-03 23:54:48 [ERROR]] File already exists: hi.txt[2025-06-04 00:04:40 [INFO]] Server has started
[2025-06-04 00:04:58 [ERROR]] File already exists: hi.txt[2025-06-04 00:05:00 [ERROR]] File already exists: hi.txt[2025-06-04 00:05:02 [ERROR]] File already exists: hi.txt[2025-06-04 00:05:04 [ERROR]] File already exists: hi.txt[2025-06-04 00:05:06 [ERROR]] File already exists: hi.txt[2025-06-04 00:05:12 [INFO]] File opened successfully: hi.txt (0 bytes)[2025-06-04 00:14:13 [INFO]] Server has started
[2025-06-04 00:14:39 [INFO]] Server has started
[2025-06-04 00:17:40 [INFO]] Server has started
[2025-06-04 00:18:04 [INFO]] File opened successfully: hi.txt (0 bytes)[2025-06-04 00:27:51 [INFO]] Server has started
[2025-06-04 00:28:13 [INFO]] File opened successfully: up.txt (0 bytes)[2025-06-04 00:50:20 [INFO]] Server has started
[2025-06-04 00:52:17 [INFO]] Server has started
[2025-06-04 00:56:31 [INFO]] Server has started
[2025-06-04 00:57:09 [INFO]] File opened successfully: hi.txt (0 bytes)[2025-06-04 00:59:06 [INFO]] Server has started
[2025-06-04 00:59:40 [INFO]] File opened successfully: hi.txt (0 bytes)[2025-06-04 01:05:37 [INFO]] Server has started
[2025-06-04 01:05:51 [ERROR]] File already exists: hi.txt[2025-06-04 01:05:53 [ERROR]] File already exists: hi.txt[2025-06-04 01:05:55 [ERROR]] File already exists: hi.txt[2025-06-04 01:05:57 [ERROR]] File already exists: hi.txt[2025-06-04 01:05:59 [ERROR]] File already exists: hi.txt[2025-06-04 01:06:06 [ERROR]] File already exists: hi.txt[2025-06-04 01:06:08 [ERROR]] File already exists: hi.txt[2025-06-04 01:06:10 [ERROR]] File already exists: hi.txt[2025-06-04 01:06:12 [ERROR]] File already exists: hi.txt[2025-06-04 01:06:14 [ERROR]] File already exists: hi.txt[2025-06-04 01:06:40 [INFO]] File opened successfully: why.txt (0 bytes)[2025-06-04 01:31:45 [INFO]] Server has started
[2025-06-04 01:32:11 [INFO]] File opened successfully: hibyte.txt (0 bytes)[2025-06-04 01:32:53 [INFO]] File opened successfully: hibye.txt (0 bytes)[2025-06-04 01:41:25 [INFO]] Server has started
[2025-06-04 01:41:41 [INFO]] File deleted successfully: hibye.txt[2025-06-04 01:41:53 [ERROR]] Failed to create file: hi.txt
[2025-06-04 01:41:55 [ERROR]] Failed to create file: hi.txt
[2025-06-04 01:41:57 [ERROR]] Failed to create file: hi.txt
[2025-06-04 01:41:59 [ERROR]] Failed to create file: hi.txt
[2025-06-04 01:42:01 [ERROR]] Failed to create file: hi.txt
[2025-06-04 01:42:14 [ERROR]] Failed to create file: lol.txt
[2025-06-04 01:42:16 [ERROR]] Failed to create file: lol.txt
[2025-06-04 01:42:18 [ERROR]] Failed to create file: lol.txt
[2025-06-04 01:42:20 [ERROR]] Failed to create file: lol.txt
[2025-06-04 01:42:22 [ERROR]] Failed to create file: lol.txt
[2025-06-04 01:45:14 [INFO]] Server has started
[2025-06-04 01:45:20 [ERROR]] Access violation or file does not exist: hi.txt
[2025-06-04 01:45:22 [ERROR]] Access violation or file does not exist: hi.txt
[2025-06-04 01:45:24 [ERROR]] Access violation or file does not exist: hi.txt
[2025-06-04 01:45:26 [ERROR]] Access violation or file does not exist: hi.txt
[2025-06-04 01:45:28 [ERROR]] Access violation or file does not exist: hi.txt
[2025-06-04 01:46:36 [INFO]] Server has started
[2025-06-04 01:46:51 [INFO]] File opened successfully: hi.txt (11 bytes)[2025-06-04 01:52:25 [ERROR]] Access violation or file does not exist: hi.txt
[2025-06-04 01:52:40 [ERROR]] Access violation or file does not exist: hi.txt
[2025-06-04 01:53:54 [INFO]] File opened successfully: hi.txt (7 bytes)[2025-06-04 01:54:55 [ERROR]] Access violation or file does not exist: hi
[2025-06-04 01:55:13 [INFO]] File opened successfully: hi.txt (7 bytes)[2025-06-04 01:55:52 [INFO]] Server has started
[2025-06-04 01:56:03 [INFO]] File opened successfully: hi.txt (7 bytes)[2025-06-04 01:56:18 [INFO]] File deleted successfully: hi.txt[2025-06-04 02:15:01 [INFO]] Server has started
[2025-06-04 02:15:02 [INFO]] Server has shut down
[2025-06-04 02:15:39 [INFO]] Server has started
[2025-06-04 02:16:07 [INFO]] File opened successfully: hi.txt (7 bytes)[2025-06-04 02:16:26 [INFO]] File deleted successfully: lol.txt[2025-06-04 02:19:26 [INFO]] Server has shut down
[2025-06-04 02:19:32 [INFO]] Server has started
[2025-06-04 02:22:19 [INFO]] Server has shut down
[2025-06-04 02:22:28 [INFO]] Server has started
[2025-06-04 02:23:36 [INFO]] Server has shut down
[2025-06-04 02:23:39 [INFO]] Server has started
[2025-06-04 02:23:48 [INFO]] File opened successfully: hi.txt (7 bytes)[2025-06-04 02:24:57 [INFO]] File opened successfully: whiteboard-1.pdf (325936 bytes)[2025-06-04 02:27:47 [INFO]] File opened successfully: st-stm32cubeide_1.18.1_24813_20250409_2138_amd64.sh (1290703336 bytes)[2025-06-04 02:30:42 [INFO]] File opened successfully: whiteboard-1.pdf (325936 bytes)[2025-06-04 02:42:04 [INFO]] Server has shut down
[2025-06-04 02:43:15 [INFO]] Server has started
[2025-06-04 02:43:46 [INFO]] File opened successfully: whiteboard-1.pdf (325936 bytes)[2025-06-04 02:47:35 [INFO]] Server has shut down
[2025-06-05 18:34:40 [INFO]] Server has started
[2025-06-05 18:36:03 [INFO]] Server has shut down
[2025-06-05 18:38:17 [INFO]] Server has started
[2025-06-05 18:42:12 [INFO]] Server has shut down
[2025-06-05 18:49:52 [INFO]] Server has started
[2025-06-05 18:52:34 [INFO]] Server has shut down
[2025-06-05 18:52:36 [INFO]] Server has started
[2025-06-05 18:55:52 [INFO]] Server has started
[2025-06-05 19:01:47 [INFO]] Server has started
[2025-06-05 19:12:25 [ERROR]] File already exists: whiteboard-1.pdf[2025-06-05 19:12:27 [ERROR]] File already exists: whiteboard-1.pdf[2025-06-05 19:12:29 [ERROR]] File already exists: whiteboard-1.pdf[2025-06-05 19:12:31 [ERROR]] File already exists: whiteboard-1.pdf[2025-06-05 19:12:33 [ERROR]] File already exists: whiteboard-1.pdf[2025-06-05 19:15:29 [INFO]] Server has shut down
[2025-06-05 19:15:33 [INFO]] Server has started
[2025-06-05 19:15:43 [ERROR]] File already exists: hi.txt[2025-06-05 19:15:45 [ERROR]] File already exists: hi.txt[2025-06-05 19:15:47 [ERROR]] File already exists: hi.txt[2025-06-05 19:15:49 [ERROR]] File already exists: hi.txt[2025-06-05 19:15:51 [ERROR]] File already exists: hi.txt[2025-06-05 19:16:07 [ERROR]] File already exists: hihi.txt[2025-06-05 19:16:09 [ERROR]] File already exists: hihi.txt[2025-06-05 19:16:11 [ERROR]] File already exists: hihi.txt[2025-06-05 19:16:13 [ERROR]] File already exists: hihi.txt[2025-06-05 19:16:15 [ERROR]] File already exists: hihi.txt[2025-06-05 19:20:24 [INFO]] Server has shut down
[2025-06-05 19:20:26 [INFO]] Server has started
[2025-06-05 19:20:39 [ERROR]] File already exists: hi.txt[2025-06-05 19:20:41 [ERROR]] File already exists: hi.txt[2025-06-05 19:20:43 [ERROR]] File already exists: hi.txt[2025-06-05 19:20:45 [ERROR]] File already exists: hi.txt[2025-06-05 19:20:47 [ERROR]] File already exists: hi.txt[2025-06-05 19:32:19 [ERROR]] File already exists: hi.txt[2025-06-05 19:32:21 [ERROR]] File already exists: hi.txt[2025-06-05 19:32:23 [ERROR]] File already exists: hi.txt[2025-06-05 19:32:25 [ERROR]] File already exists: hi.txt[2025-06-05 19:32:27 [ERROR]] File already exists: hi.txt[2025-06-05 19:38:19 [INFO]] Server has shut down
[2025-06-05 19:40:05 [INFO]] Server has started
[2025-06-05 19:40:12 [ERROR]] File already exists: hi.txt[2025-06-06 16:08:04 [INFO]] Server has started
[2025-06-06 16:37:12 [INFO]] Server has shut down
[2025-06-06 16:37:15 [INFO]] Server has started
[2025-06-06 16:45:09 [INFO]] Server has shut down
[2025-06-06 16:45:11 [INFO]] Server has started
[2025-06-06 17:00:28 [INFO]] Server has shut down
[2025-06-06 17:00:31 [INFO]] Server has started
[2025-06-06 17:02:33 [INFO]] Server has shut down
[2025-06-06 17:02:50 [INFO]] Server has started
[2025-06-06 17:25:31 [INFO]] Server has shut down
[2025-06-06 17:25:39 [INFO]] Server has started
[2025-06-06 17:28:16 [INFO]] Server has shut down
[2025-06-06 17:28:33 [INFO]] Server has started
[2025-06-06 17:31:06 [INFO]] Server has shut down
[2025-06-06 17:31:09 [INFO]] Server has started
[2025-06-06 17:32:37 [INFO]] Server has shut down
[2025-06-10 14:08:12 [INFO]] Server has started
[2025-06-10 14:09:07 [ERROR]] Unknown opcode received: 3[2025-06-10 14:46:13 [ERROR]] Unknown opcode received: 3[2025-06-10 14:46:15 [ERROR]] Unknown opcode received: 3[2025-06-10 14:46:16 [ERROR]] Unknown opcode received: 3[2025-06-10 14:46:16 [ERROR]] Unknown opcode received: 3[2025-06-10 14:46:17 [ERROR]] Unknown opcode received: 3[2025-06-10 14:50:38 [INFO]] Server has shut down
[2025-06-10 14:50:39 [INFO]] Server has started
[2025-06-10 14:50:45 [ERROR]] File already exists: hi.txt[2025-06-10 14:50:47 [ERROR]] File already exists: hi.txt[2025-06-10 14:50:49 [ERROR]] File already exists: hi.txt[2025-06-10 14:50:51 [ERROR]] File already exists: hi.txt[2025-06-10 14:50:53 [ERROR]] File already exists: hi.txt[2025-06-10 14:51:36 [ERROR]] Access violation or file does not exist: exit
[2025-06-10 14:56:24 [ERROR]] Access violation or file does not exist: exit
[2025-06-10 14:56:32 [INFO]] File opened successfully: hi.txt (10 bytes)[2025-06-10 14:56:49 [INFO]] File opened successfully: hihi.txt (7 bytes)[2025-06-10 15:00:20 [ERROR]] File already exists: whiteboard-1.pdf[2025-06-10 15:00:22 [ERROR]] File already exists: whiteboard-1.pdf[2025-06-10 15:00:24 [ERROR]] File already exists: whiteboard-1.pdf[2025-06-10 15:00:26 [ERROR]] File already exists: whiteboard-1.pdf[2025-06-10 15:00:28 [ERROR]] File already exists: whiteboard-1.pdf[2025-06-10 15:16:25 [INFO]] Server has shut down
[2025-06-10 15:16:30 [INFO]] Server has started
[2025-06-10 15:16:57 [INFO]] Server has shut down
[2025-06-10 15:17:10 [INFO]] Server has started
[2025-06-10 15:17:25 [INFO]] Server has shut down
[2025-06-10 15:22:52 [INFO]] Server has started
[2025-06-10 15:26:52 [INFO]] Server has shut down
[2025-06-10 15:27:01 [INFO]] Server has started
[2025-06-10 15:27:37 [INFO]] Server has shut down
[2025-06-10 15:34:20 [INFO]] Server has started
[2025-06-10 15:37:35 [INFO]] Server has shut down
[2025-06-10 15:37:38 [INFO]] Server has started
[2025-06-10 15:43:51 [INFO]] Server has shut down
[2025-06-10 15:43:57 [INFO]] Server has started
[2025-06-10 15:56:11 [INFO]] Server has shut down
[2025-06-10 15:56:17 [INFO]] Server has started
[2025-06-10 16:05:41 [INFO]] Server has shut down
[2025-06-10 19:29:08 [INFO]] Server has started
[2025-06-10 19:29:24 [ERROR]] File already exists: hi.txt[2025-06-10 19:29:26 [ERROR]] File already exists: hi.txt[2025-06-10 19:29:28 [ERROR]] File already exists: hi.txt[2025-06-10 19:29:30 [ERROR]] File already exists: hi.txt[2025-06-10 19:29:32 [ERROR]] File already exists: hi.txt[2025-06-10 19:30:10 [ERROR]] File already exists: hihihi.txt[2025-06-10 19:30:12 [ERROR]] File already exists: hihihi.txt[2025-06-10 19:30:14 [ERROR]] File already exists: hihihi.txt[2025-06-10 19:30:16 [ERROR]] File already exists: hihihi.txt[2025-06-10 19:30:18 [ERROR]] File already exists: hihihi.txt[2025-06-10 19:30:35 [INFO]] File opened successfully: hihihi.txt (15 bytes)[2025-06-10 19:30:50 [INFO]] File deleted successfully: hihihi.txt[2025-06-10 19:31:14 [INFO]] File deleted successfully: hihi.txt[2025-06-10 19:32:39 [INFO]] File deleted successfully: lol.txt[2025-06-10 19:33:27 [ERROR]] File already exists: hihihi.txt[2025-06-10 19:33:29 [ERROR]] File already exists: hihihi.txt[2025-06-10 19:33:31 [ERROR]] File already exists: hihihi.txt[2025-06-10 19:33:33 [ERROR]] File already exists: hihihi.txt[2025-06-10 19:33:35 [ERROR]] File already exists: hihihi.txt[2025-06-10 19:33:50 [ERROR]] File already exists: hihihi.txt[2025-06-10 19:33:52 [ERROR]] File already exists: hihihi.txt[2025-06-10 19:33:54 [ERROR]] File already exists: hihihi.txt[2025-06-10 19:33:56 [ERROR]] File already exists: hihihi.txt[2025-06-10 19:33:58 [ERROR]] File already exists: hihihi.txt[2025-06-10 19:34:10 [INFO]] File opened successfully: hihihi.txt (0 bytes)[2025-06-10 19:34:41 [INFO]] File opened successfully: hi.txt (10 bytes)[2025-06-10 19:38:02 [INFO]] File deleted successfully: hi.txt[2025-06-10 19:41:47 [INFO]] File deleted successfully: hi.txt[2025-06-10 20:11:49 [INFO]] Server has shut down
[2025-06-10 20:12:25 [INFO]] Server has started
[2025-06-10 20:22:17 [INFO]] File opened successfully: whiteboard-1.pdf (325936 bytes)[2025-06-10 20:33:08 [INFO]] File opened successfully: whiteboard-1.pdf (325936 bytes)[2025-06-10 20:52:10 [INFO]] File opened successfully: whiteboard-1.pdf (325936 bytes)[2025-06-10 21:21:38 [INFO]] Server has shut down
[2025-06-10 21:30:08 [INFO]] Server has started
[2025-06-10 21:30:29 [INFO]] File opened successfully: whiteboard-1.pdf (325936 bytes)[2025-06-10 21:35:23 [INFO]] File opened successfully: whiteboard-1.pdf (325936 bytes)[2025-06-10 21:46:53 [INFO]] File opened successfully: whiteboard-1.pdf (325936 bytes)[2025-06-10 21:47:16 [INFO]] File opened successfully: whiteboard-1.pdf (325936 bytes)[2025-06-10 21:49:13 [INFO]] Server has shut down
[2025-06-10 21:58:24 [INFO]] Server has started
[2025-06-10 21:58:44 [INFO]] File opened successfully: whiteboard-1.pdf (325936 bytes)[2025-06-10 22:00:53 [ERROR]] Access violation or file does not exist: hi.txt
[2025-06-10 22:01:18 [INFO]] File deleted successfully: whiteboard-1.pdf[2025-06-11 11:59:43 [INFO]] Server has shut down
[2025-06-11 15:18:20 [INFO]] Server has started
[2025-06-11 15:21:54 [ERROR]] Access violation or file does not exist: n
[2025-06-11 15:21:58 [ERROR]] Access violation or file does not exist: hi.txt
[2025-06-11 15:23:02 [ERROR]] Access violation or file does not exist: n
[2025-06-11 15:26:17 [ERROR]] Access violation or file does not exist: n
[2025-06-11 15:28:46 [INFO]] File opened successfully: Embedded.pdf (2104826 bytes)[2025-06-11 15:29:20 [INFO]] File opened successfully: hihi.txt (0 bytes)[2025-06-11 15:40:51 [INFO]] File opened successfully: Embedded.pdf (2104826 bytes)[2025-06-11 15:47:28 [INFO]] File opened successfully: Embedded.pdf (2104826 bytes)[2025-06-11 15:55:14 [INFO]] File opened successfully: Embedded.pdf (2104826 bytes)[2025-06-11 16:06:01 [INFO]] Server has started
[2025-06-11 16:06:16 [INFO]] File opened successfully: Embedded.pdf (2104826 bytes)[2025-06-11 16:10:11 [INFO]] Server has shut down
[2025-06-11 16:26:47 [INFO]] Server has started
[2025-06-11 16:26:58 [INFO]] File opened successfully: hihi.txt (0 bytes)[2025-06-11 16:28:02 [INFO]] File opened successfully: hihi.txt (7 bytes)[2025-06-11 16:33:41 [INFO]] File opened successfully: Embedded.pdf (2104826 bytes)[2025-06-11 16:37:19 [INFO]] Server has shut down
[2025-06-11 16:37:22 [INFO]] Server has started
[2025-06-11 16:37:58 [INFO]] File opened successfully: Embedded.pdf (2104826 bytes)[2025-06-11 16:39:31 [INFO]] Server has shut down
[2025-06-11 16:46:29 [INFO]] Server has started
[2025-06-11 16:46:42 [INFO]] File opened successfully: Embedded.pdf (2104826 bytes)[2025-06-11 16:47:08 [INFO]] File opened successfully: hihi.txt (7 bytes)[2025-06-11 17:09:36 [INFO]] Server has shut down
[2025-06-11 17:13:06 [INFO]] Server has started
[2025-06-11 17:15:23 [INFO]] Server has shut down
[2025-06-11 17:17:42 [INFO]] Server has started
[2025-06-11 17:20:35 [INFO]] Server has shut down
[2025-06-11 17:20:37 [INFO]] Server has started
[2025-06-11 17:24:33 [INFO]] Server has shut down
[2025-06-11 17:24:35 [INFO]] Server has started
[2025-06-11 17:24:43 [ERROR]] Access violation or file does not exist: Embedded.pdf
[2025-06-11 17:31:08 [INFO]] Server has shut down
[2025-06-11 17:34:35 [INFO]] Server has started
[2025-06-11 17:37:54 [ERROR]] Unknown opcode received: 3[2025-06-11 17:37:55 [ERROR]] Unknown opcode received: 3[2025-06-11 17:37:56 [ERROR]] Unknown opcode received: 3[2025-06-11 17:37:56 [ERROR]] Unknown opcode received: 3[2025-06-11 17:38:01 [INFO]] Server has shut down
[2025-06-11 17:38:42 [INFO]] Server has started
[2025-06-11 17:41:19 [ERROR]] Unknown opcode received: 3[2025-06-11 17:41:20 [ERROR]] Unknown opcode received: 3[2025-06-11 17:41:20 [ERROR]] Unknown opcode received: 3[2025-06-11 17:41:38 [INFO]] Server has shut down
[2025-06-11 17:42:53 [INFO]] Server has started
[2025-06-11 17:45:41 [ERROR]] Unknown opcode received: 3[2025-06-11 17:45:42 [ERROR]] Unknown opcode received: 3[2025-06-11 17:46:45 [INFO]] Server has started
[2025-06-11 17:46:51 [ERROR]] Access violation or file does not exist: hi.pdf
[2025-06-11 17:56:52 [ERROR]] File already exists: hi.pdf[2025-06-11 17:56:54 [ERROR]] File already exists: hi.pdf[2025-06-11 17:56:56 [ERROR]] File already exists: hi.pdf[2025-06-11 17:56:58 [ERROR]] File already exists: hi.pdf[2025-06-11 17:57:00 [ERROR]] File already exists: hi.pdf[2025-06-11 17:57:07 [ERROR]] File already exists: hi.pdf[2025-06-11 17:57:09 [ERROR]] File already exists: hi.pdf[2025-06-11 17:57:11 [ERROR]] File already exists: hi.pdf[2025-06-11 17:57:13 [ERROR]] File already exists: hi.pdf[2025-06-11 17:57:15 [ERROR]] File already exists: hi.pdf[2025-06-11 17:58:18 [INFO]] Server has shut down
[2025-06-11 17:58:19 [INFO]] Server has started
[2025-06-11 17:58:26 [ERROR]] File already exists: hi.pdf[2025-06-11 17:58:28 [ERROR]] File already exists: hi.pdf[2025-06-11 17:58:30 [ERROR]] File already exists: hi.pdf[2025-06-11 17:58:32 [ERROR]] File already exists: hi.pdf[2025-06-11 17:58:34 [ERROR]] File already exists: hi.pdf[2025-06-11 18:09:09 [INFO]] Server has shut down
[2025-06-11 18:09:18 [INFO]] Server has started
[2025-06-11 18:10:55 [INFO]] Server has shut down
[2025-06-11 18:11:17 [INFO]] Server has started
[2025-06-11 18:13:17 [INFO]] Server has shut down
[2025-06-11 18:13:21 [INFO]] Server has started
[2025-06-11 18:16:21 [INFO]] Server has shut down
[2025-06-11 18:16:37 [INFO]] Server has started
[2025-06-11 18:25:46 [INFO]] Server has shut down
[2025-06-11 18:25:49 [INFO]] Server has started
[2025-06-11 18:28:12 [INFO]] Server has shut down
[2025-06-11 18:28:15 [INFO]] Server has started
[2025-06-11 18:28:53 [INFO]] Server has shut down
[2025-06-11 18:29:02 [INFO]] Server has started
[2025-06-11 18:39:27 [ERROR]] File already exists: hihi.txt[2025-06-11 18:39:29 [ERROR]] File already exists: hihi.txt[2025-06-11 18:39:31 [ERROR]] File already exists: hihi.txt[2025-06-11 18:39:33 [ERROR]] File already exists: hihi.txt[2025-06-11 18:39:35 [ERROR]] File already exists: hihi.txt[2025-06-11 18:59:11 [ERROR]] Unknown opcode received: 3[2025-06-11 18:59:12 [ERROR]] Unknown opcode received: 3[2025-06-11 18:59:12 [ERROR]] Unknown opcode received: 3[2025-06-14 14:49:56 [INFO]] Server has started
[2025-06-14 14:50:54 [ERROR]] Access violation or file does not exist: I2C.pdf
[2025-06-14 14:52:58 [INFO]] File opened successfully: SPI.pdf (61652 bytes)[2025-06-14 14:59:28 [INFO]] Server has started
[2025-06-14 14:59:35 [INFO]] File opened successfully: SPI.pdf (61652 bytes)[2025-06-14 15:12:38 [INFO]] Server has shut down
[2025-06-14 15:14:28 [INFO]] Server has started
[2025-06-14 15:14:51 [INFO]] File opened successfully: SPI.pdf (61652 bytes)[2025-06-14 15:20:20 [INFO]] Server has shut down
[2025-06-14 15:22:44 [INFO]] Server has started
[2025-06-14 15:22:59 [INFO]] File opened successfully: SPI.pdf (61652 bytes)[2025-06-14 15:29:31 [INFO]] Server has started
[2025-06-14 15:29:55 [INFO]] File opened successfully: SPI.pdf (61652 bytes)[2025-06-14 21:10:32 [INFO]] File opened successfully: SPI.pdf (61652 bytes)[2025-06-14 21:23:54 [INFO]] Server has shut down
[2025-06-14 21:23:56 [INFO]] Server has started
[2025-06-14 21:24:21 [INFO]] File opened successfully: SPI.pdf (61652 bytes)[2025-06-14 21:29:24 [INFO]] Server has started
[2025-06-14 21:29:38 [INFO]] File opened successfully: SPI.pdf (61652 bytes)[2025-06-14 21:38:22 [INFO]] Server has started
[2025-06-14 21:38:31 [INFO]] File opened successfully: SPI.pdf (61652 bytes)[2025-06-14 21:38:39 [INFO]] Server has shut down
[2025-06-14 21:49:30 [INFO]] Server has started
[2025-06-14 21:49:41 [INFO]] File opened successfully: SPI.pdf (61652 bytes)[2025-06-14 21:53:59 [INFO]] Server has started
[2025-06-14 21:56:13 [INFO]] Server has shut down
[2025-06-14 21:56:36 [INFO]] Server has started
[2025-06-14 22:03:50 [INFO]] Server has shut down
[2025-06-14 22:03:53 [INFO]] Server has started
[2025-06-14 22:10:18 [INFO]] Server has shut down
[2025-06-14 22:10:22 [INFO]] Server has started
[2025-06-14 22:13:46 [INFO]] Server has shut down
[2025-06-14 22:13:48 [INFO]] Server has started
[2025-06-14 22:14:02 [INFO]] Server has started
[2025-06-14 22:14:52 [INFO]] File deleted successfully: hihi.txt[2025-06-14 22:14:59 [INFO]] File deleted successfully: SPI.pdf[2025-06-14 22:15:27 [ERROR]] Unknown opcode received: 3[2025-06-14 22:15:35 [ERROR]] Unknown opcode received: 3[2025-06-14 22:15:42 [ERROR]] Unknown opcode received: 3[2025-06-14 22:17:02 [INFO]] Server has shut down
[2025-06-14 22:17:04 [INFO]] Server has started
[2025-06-14 22:18:52 [INFO]] Server has shut down
[2025-06-21 13:42:31 [INFO]] Server has started
[2025-06-21 13:43:01 [ERROR]] Access violation or file does not exist: hi.txt
[2025-06-21 13:43:51 [INFO]] File opened successfully: passwordlist.txt (85 bytes)[2025-06-21 13:44:24 [INFO]] File opened successfully: passwordlist.txt (85 bytes)[2025-06-21 13:44:57 [INFO]] Server has shut down
[2025-06-21 13:45:07 [INFO]] Server has started
[2025-06-21 13:45:13 [INFO]] File opened successfully: passwordlist.txt (85 bytes)[2025-06-21 13:51:22 [INFO]] Server has shut down
[2025-06-21 13:51:24 [INFO]] Server has started
[2025-06-21 13:59:49 [INFO]] Server has shut down
[2025-06-21 13:59:56 [INFO]] Server has started
[2025-06-21 14:00:08 [INFO]] File opened successfully: passwordlist.txt (85 bytes)[2025-06-21 14:16:48 [INFO]] Server has shut down
[2025-06-21 14:18:01 [INFO]] Server has started
[2025-06-21 14:22:04 [INFO]] Server has shut down
[2025-06-21 14:22:07 [INFO]] Server has started
[2025-06-21 17:25:10 [INFO]] Server has shut down
[2025-06-21 17:25:13 [INFO]] Server has started
[2025-06-21 17:33:31 [INFO]] Server has shut down
[2025-06-21 17:35:06 [INFO]] Server has started
[2025-06-21 17:39:21 [INFO]] Server has shut down
[2025-06-21 17:39:25 [INFO]] Server has started
[2025-06-21 17:40:56 [INFO]] Server has shut down
[2025-06-21 17:40:59 [INFO]] Server has started
[2025-06-21 17:41:01 [INFO]] Server has shut down
[2025-06-21 17:41:13 [INFO]] Server has started
[2025-06-21 17:44:52 [INFO]] Server has shut down
[2025-06-21 17:47:35 [INFO]] Server has started
[2025-06-21 17:47:36 [INFO]] Server has shut down
[2025-06-21 17:47:39 [INFO]] Server has started
[2025-06-21 17:49:06 [INFO]] Server has shut down
[2025-06-21 17:50:08 [INFO]] Server has started
[2025-06-21 17:50:13 [INFO]] File opened successfully: lol.txt (4 bytes)[2025-06-21 17:52:55 [INFO]] Server has shut down
[2025-06-21 17:55:52 [INFO]] Server has started
[2025-06-21 17:56:21 [INFO]] File opened successfully: lowlayer_drivers.pdf (34176589 bytes)[2025-06-21 17:59:09 [INFO]] Server has shut down
[2025-06-21 18:09:03 [INFO]] Server has started
[2025-06-21 18:09:13 [INFO]] File opened successfully: lowlayer_drivers.pdf (34176589 bytes)[2025-06-21 18:14:09 [INFO]] Server has started
[2025-06-21 18:16:45 [ERROR]] File already exists: lowlayer_drivers.pdf[2025-06-21 18:16:45 [ERROR]] File already exists: lowlayer_drivers.pdf[2025-06-21 18:16:46 [ERROR]] File already exists: lowlayer_drivers.pdf[2025-06-21 18:16:46 [ERROR]] File already exists: lowlayer_drivers.pdf[2025-06-21 18:16:54 [INFO]] File opened successfully: lowlayer_drivers.pdf (34176589 bytes)[2025-06-21 18:19:57 [INFO]] Server has shut down
[2025-06-21 18:19:59 [INFO]] Server has started
[2025-06-21 18:20:06 [INFO]] File opened successfully: lowlayer_drivers.pdf (34176589 bytes)[2025-06-21 18:22:40 [INFO]] Server has shut down
[2025-06-21 18:22:54 [INFO]] Server has started
[2025-06-21 18:23:02 [INFO]] File opened successfully: lowlayer_drivers.pdf (34176589 bytes)[2025-06-21 18:25:53 [INFO]] Server has shut down
[2025-06-21 18:26:03 [INFO]] Server has started
[2025-06-21 18:26:15 [INFO]] File opened successfully: lowlayer_drivers.pdf (34176589 bytes)[2025-06-22 08:59:32 [INFO]] Server has shut down
[2025-06-22 08:59:34 [INFO]] Server has started
[2025-08-16 18:22:09 [INFO]] Server has started
[2025-08-16 18:22:42 [ERROR]] File already exists: lowlayer_drivers.pdf[2025-08-16 18:22:47 [ERROR]] File already exists: lowlayer_drivers.pdf[2025-08-16 18:22:52 [ERROR]] File already exists: lowlayer_drivers.pdf[2025-08-16 18:22:57 [ERROR]] File already exists: lowlayer_drivers.pdf[2025-08-16 18:23:02 [ERROR]] File already exists: lowlayer_drivers.pdf[2025-08-16 18:24:57 [INFO]] Server has shut down
[2025-08-23 18:35:14 [INFO]] Server has started
[2025-08-23 18:35:44 [INFO]] File opened successfully: lowlayer_drivers.pdf (34176589 bytes)[2025-08-23 18:38:46 [INFO]] Server has shut down
